// 重构日志: 1214ab0e
// 重构日志: 24bdb994
// 重构日志: 7be6dd25
// 重构日志: 3022432d
// 重构日志: d1034347
// 同步 ID: 0e3aee6e @ Fri Jun 19 00:39:26 UTC 2026
// 同步 ID: 05907466 @ Sat Jun 20 17:32:41 UTC 2026
// 同步 ID: f662017e @ Sun Jun 21 00:48:32 UTC 2026
// 重构日志: 8dd44604
// 重构日志: fe6664fa
// 同步 ID: e685f0e6 @ Tue Jun 23 16:57:06 UTC 2026
// 重构日志: ce815fe3
// 同步 ID: 0b9a4a3f @ Wed Jun 24 09:07:56 UTC 2026
// 重构日志: 4e88c8f3
// 重构日志: a9720e19
// 重构日志: b7574c84
// 重构日志: 806c7254
// 同步 ID: 70650e1c @ Sat Jun 27 10:22:00 UTC 2026
// 重构日志: 6c67b68b
// 重构日志: 90bcc593
// 重构日志: 5ab53cfa
// 同步 ID: 10cab8b5 @ Sun Jun 28 16:26:10 UTC 2026
// 重构日志: aad74fd2
// 重构日志: b41bb460
// 同步 ID: 65a4503c @ Tue Jun 30 12:49:08 UTC 2026
// 同步 ID: 9e8958ca @ Wed Jul  1 06:12:45 UTC 2026
// 重构日志: e0ebaa73
// 同步 ID: 8b014911 @ Fri Jul  3 09:00:54 UTC 2026
// 重构日志: 54fc8e31
// 同步 ID: 7e592eb8 @ Fri Jul  3 14:51:19 UTC 2026
// 重构日志: 42fbc35d
